This is e-pTeX, Version 3.14159265-p3.8.1-180226-2.6 (utf8.sjis) (TeX Live 2018/W32TeX) (preloaded format=platex 2019.1.22)  24 JAN 2019 21:15
entering extended mode
 restricted \write18 enabled.
 %&-line parsing enabled.
**research_memo.tex
(./research_memo.tex
pLaTeX2e <2018-12-01> (based on LaTeX2e <2018-12-01>)
(c:/texlive/2018/texmf-dist/tex/platex/base/jarticle.cls
Document Class: jarticle 2018/10/25 v1.8a Standard pLaTeX class
\c@@paper=\count83
(c:/texlive/2018/texmf-dist/tex/platex/base/jsize10.clo
File: jsize10.clo 2018/10/25 v1.8a Standard pLaTeX file (size option)
)
\c@part=\count84
\c@section=\count85
\c@subsection=\count86
\c@subsubsection=\count87
\c@paragraph=\count88
\c@subparagraph=\count89
\c@figure=\count90
\c@table=\count91
\abovecaptionskip=\skip41
\belowcaptionskip=\skip42
\symmincho=\mathgroup4
LaTeX Font Info:    Overwriting symbol font `mincho' in version `bold'
(Font)                  JY1/mc/m/n --> JY1/gt/m/n on input line 614.
\toclineskip=\dimen118
\@lnumwidth=\dimen119
\bibindent=\dimen120
\heisei=\count92
)
(c:/texlive/2018/texmf-dist/tex/latex/graphics/graphicx.sty
Package: graphicx 2017/06/01 v1.1a Enhanced LaTeX Graphics (DPC,SPQR)

(c:/texlive/2018/texmf-dist/tex/latex/graphics/keyval.sty
Package: keyval 2014/10/28 v1.15 key=value parser (DPC)
\KV@toks@=\toks15
)
(c:/texlive/2018/texmf-dist/tex/latex/graphics/graphics.sty
Package: graphics 2017/06/25 v1.2c Standard LaTeX Graphics (DPC,SPQR)

(c:/texlive/2018/texmf-dist/tex/latex/graphics/trig.sty
Package: trig 2016/01/03 v1.10 sin cos tan (DPC)
)
(c:/texlive/2018/texmf-dist/tex/latex/graphics-cfg/graphics.cfg
File: graphics.cfg 2016/06/04 v1.11 sample graphics configuration
)
Package graphics Info: Driver file: dvips.def on input line 99.

(c:/texlive/2018/texmf-dist/tex/latex/graphics-def/dvips.def
File: dvips.def 2017/06/20 v3.1d Graphics/color driver for dvips
))
\Gin@req@height=\dimen121
\Gin@req@width=\dimen122
)
(c:/texlive/2018/texmf-dist/tex/latex/ascmac/ascmac.sty
Package: ascmac 2018/03/09 v2.0h ascmac wrapper (community edition) 

(c:/texlive/2018/texmf-dist/tex/latex/ascmac/tascmac.sty
Package: tascmac 2018/03/09 v2.0h ascmac package (community edition) 
\@savetbaselineshift=\dimen123
\@saveybaselineshift=\dimen124
\scb@x=\box43
\scscb@x=\box44
\@bw=\dimen125
\@nbox=\box45
\@nbody=\box46
\@scw=\dimen126
\ascmac@hoboxa=\box47
\ascmac@hoboxb=\box48
\@itemh=\dimen127
\@iboxpos=\toks16
\@iboxstr=\box49
\@bwsp=\box50
\@@bwsp=\box51
\@bcal=\count93
\shaderule=\dimen128
)) (./research_memo.aux)
\openout1 = `research_memo.aux'.

LaTeX Font Info:    Checking defaults for OML/cmm/m/it on input line 12.
LaTeX Font Info:    ... okay on input line 12.
LaTeX Font Info:    Checking defaults for T1/cmr/m/n on input line 12.
LaTeX Font Info:    ... okay on input line 12.
LaTeX Font Info:    Checking defaults for OT1/cmr/m/n on input line 12.
LaTeX Font Info:    ... okay on input line 12.
LaTeX Font Info:    Checking defaults for OMS/cmsy/m/n on input line 12.
LaTeX Font Info:    ... okay on input line 12.
LaTeX Font Info:    Checking defaults for OMX/cmex/m/n on input line 12.
LaTeX Font Info:    ... okay on input line 12.
LaTeX Font Info:    Checking defaults for U/cmr/m/n on input line 12.
LaTeX Font Info:    ... okay on input line 12.
LaTeX Font Info:    Checking defaults for JY1/mc/m/n on input line 12.
LaTeX Font Info:    ... okay on input line 12.
LaTeX Font Info:    Checking defaults for JT1/mc/m/n on input line 12.
LaTeX Font Info:    ... okay on input line 12.
LaTeX Font Info:    Font shape `JT1/mc/bx/n' in size <14.4> not available
(Font)              Font shape `JT1/gt/m/n' tried instead on input line 22.
LaTeX Font Info:    Font shape `JY1/mc/bx/n' in size <14.4> not available
(Font)              Font shape `JY1/gt/m/n' tried instead on input line 22.
LaTeX Font Info:    Font shape `JT1/mc/bx/n' in size <10> not available
(Font)              Font shape `JT1/gt/m/n' tried instead on input line 25.
LaTeX Font Info:    Font shape `JY1/mc/bx/n' in size <10> not available
(Font)              Font shape `JY1/gt/m/n' tried instead on input line 25.
LaTeX Font Info:    Font shape `JT1/mc/bx/n' in size <12> not available
(Font)              Font shape `JT1/gt/m/n' tried instead on input line 30.
LaTeX Font Info:    Font shape `JY1/mc/bx/n' in size <12> not available
(Font)              Font shape `JY1/gt/m/n' tried instead on input line 30.


LaTeX Warning: Citation `ocdma1' on page 1 undefined on input line 32.


LaTeX Warning: Citation `csk2' on page 1 undefined on input line 32.


LaTeX Warning: Citation `ocdma4' on page 1 undefined on input line 32.


LaTeX Warning: Citation `scinti' on page 1 undefined on input line 32.


LaTeX Warning: Citation `ocdma5' on page 1 undefined on input line 32.


LaTeX Warning: Citation `ook' on page 1 undefined on input line 32.


LaTeX Warning: Citation `sik2' on page 1 undefined on input line 32.


LaTeX Warning: Citation `ocdma4' on page 1 undefined on input line 34.


LaTeX Warning: Citation `scinti' on page 1 undefined on input line 34.


LaTeX Warning: Citation `ocdma5' on page 1 undefined on input line 34.


LaTeX Warning: Citation `ook' on page 1 undefined on input line 39.


LaTeX Warning: Citation `scinti' on page 1 undefined on input line 39.


LaTeX Warning: Citation `sik1' on page 1 undefined on input line 39.


LaTeX Warning: Citation `sik2' on page 1 undefined on input line 39.


LaTeX Warning: Citation `scinti' on page 1 undefined on input line 39.


LaTeX Warning: Citation `ook' on page 1 undefined on input line 41.


LaTeX Warning: Citation `scinti' on page 1 undefined on input line 41.


LaTeX Warning: Citation `sik1' on page 1 undefined on input line 41.


LaTeX Warning: Citation `sik2' on page 1 undefined on input line 41.

[1

]

LaTeX Warning: Citation `csk1' on page 2 undefined on input line 46.


LaTeX Warning: Citation `csk2' on page 2 undefined on input line 46.

LaTeX Font Info:    External font `cmex10' loaded for size
(Font)              <7> on input line 46.
LaTeX Font Info:    External font `cmex10' loaded for size
(Font)              <5> on input line 46.

LaTeX Warning: Citation `csk1' on page 2 undefined on input line 48.


LaTeX Warning: Citation `csk2' on page 2 undefined on input line 48.

[2]

LaTeX Warning: Reference `fig:graph-proposal-efficiency' on page 3 undefined on
 input line 101.


LaTeX Warning: Reference `fig:graph-cmp-efficiency' on page 3 undefined on inpu
t line 103.

[3]

LaTeX Warning: Reference `fig:graph-proposal-efficiency' on page 4 undefined on
 input line 108.


LaTeX Warning: Reference `fig:graph-cmp-efficiency' on page 4 undefined on inpu
t line 110.

LaTeX Font Info:    Try loading font information for OMS+cmr on input line 113.

(c:/texlive/2018/texmf-dist/tex/latex/base/omscmr.fd
File: omscmr.fd 2014/09/29 v2.5h Standard LaTeX font definitions
)
LaTeX Font Info:    Font shape `OMS/cmr/m/n' in size <10> not available
(Font)              Font shape `OMS/cmsy/m/n' tried instead on input line 113.


LaTeX Warning: File `graph-pro-efficiency.eps' not found on input line 120.


! LaTeX Error: File `graph-pro-efficiency.eps' not found.

See the LaTeX manual or LaTeX Companion for explanation.
Type  H <return>  for immediate help.
 ...                                              
                                                  
l.120 ...=0.8\textwidth]{graph-pro-efficiency.eps}
                                                  
? 
! Emergency stop.
 ...                                              
                                                  
l.120 ...=0.8\textwidth]{graph-pro-efficiency.eps}
                                                  
Try typing  <return>  to proceed.
If that doesn't work, type  X <return>  to quit.

 
Here is how much of TeX's memory you used:
 721 strings out of 493226
 8881 string characters out of 6147196
 79623 words of memory out of 5000000
 4755 multiletter control sequences out of 15000+600000
 10051 words of font info for 41 fonts, out of 8000000 for 9000
 929 hyphenation exceptions out of 8191
 25i,4n,20p,1069b,310s stack positions out of 5000i,500n,10000p,200000b,80000s
Output written on research_memo.dvi (3 pages, 15344 bytes).
